<?xml version="1.0" encoding="UTF-8"?>
<testsuite xmlns:xsi="http://www.w3.org/2001/XMLSchema-instance" xsi:noNamespaceSchemaLocation="https://maven.apache.org/surefire/maven-surefire-plugin/xsd/surefire-test-report.xsd" name="ru.netology.RadioTest" time="0.338" tests="7" errors="0" skipped="0" failures="0">
  <properties>
[...]
</properties>
  <testcase name="shouldSetNumberNext" classname="ru.netology.RadioTest" time="0.19"/>
  <testcase name="shouldSetNumberPrev" classname="ru.netology.RadioTest" time="0.008"/>
  <testcase name="shouldSetNumber" classname="ru.netology.RadioTest" time="0.008"/>
  <testcase name="shouldSetOn" classname="ru.netology.RadioTest" time="0.037"/>
  <testcase name="shouldIsOn" classname="ru.netology.RadioTest" time="0"/>
  <testcase name="shouldSetVolumeMinus" classname="ru.netology.RadioTest" time="0"/>
  <testcase name="shouldSetVolumePlus" classname="ru.netology.RadioTest" time="0"/>
</testsuite>